1111100000
1111200000
3111100010
3321200016
1111200000
3111200010
3321200014
7199999999
1122310000
2311300010
2112320000
1222030045
2111200001
3221900005
2111100001
3221900002
1111100001
3111100010
3321600044
1111200020
3111200010
3321300042
1112310000
2211300001
1112420000
2211400011
1112530000
2311500010
2112540000
1111300010
2212310000
1111400020
2212420000
1132650045
1112730000
2311700010
2112740000
1132870045
2112680000
1222650045
2211200001
3221900020
2111100001
3221900017
9999999999
#locatie 145
#symbool PREFOR1I                          0000000002
#symbool PREFOR1J                          0000000005
#symbool NAFOR1J                           0000000014
#symbool NAFOR1I                           0000000016
#symbool PREFOR2I                          0000000017
#symbool PREFOR2J                          0000000020
#symbool NAFOR2J                           0000000042
#symbool NAFOR2I                           0000000044
#symbool M                                 0000000045
