1111009999
1225090000
1112890000
1225090000
2211900002
1112060000
2311000002
2121000033
1111100180
1222100000
1111100003
2311100002
2121100033
2111100001
1132089997
2211009998
2311000002
2121000033
2111000001
1132000000
1222010000
1121000033
1222089998
1132089998
3121000043
3321600031
1111100001
1222100001
2111000002
1222089998
3221900023
2111900002
9999999999
#locatie 45
#symbool MAIN                              0000000000
#symbool FOR                               0000000023
#symbool NAFOR                             0000000031
#symbool CURSUS                            0000000033
