1111009999
1225090000
1112890000
1225090000
2211900011
1111000001
1222089994
1111000002
1222089995
1111000003
1222089996
1111000004
1222089997
1111000005
1222089998
2211900006
1122189994
1225190000
1111100003
1225190000
1225890000
1112890000
4121900066
1134890000
2111900002
1134190000
1222189988
1134190000
1222189989
1134190000
1222189990
1134190000
1222189991
1134190000
1222189992
1134190000
1222189993
1121100105
1132089988
1225090000
1132089989
1225090000
1132089990
1225090000
1132089991
1225090000
1132089992
1225090000
1132089993
1225090000
1225890000
1112890000
4121900094
1134890000
2111900006
2111900011
1111600000
3111600005
3321200065
1112060000
2121000105
1132000000
7299999999
2111600001
3221900057
9999999999
2211900006
1132280001
1222289993
1111600000
3132680001
3321200080
1112260000
2132280002
1132220000
1112060000
2122089994
1222200000
2111600001
3221900070
1132189993
1222180003
1132189994
1222180004
1132189995
1222180005
1132189996
1222180006
1132189997
1222180007
1132189998
1222180008
2111900006
4299999999
1122580008
1111600000
3132680007
3321200104
1112210000
2112260000
1134050000
1222020000
2111600001
3221900096
4299999999
0000000000
0000000000
0000000000
0000000000
0000000000
#symbool MAIN                              0000000000
#symbool MAINFOR                           0000000057
#symbool MAINFORNA                         0000000065
#symbool MKREC                             0000000066
#symbool MKRECFOR                          0000000070
#symbool MKRECFORNA                        0000000080
#symbool REC2RIJ                           0000000094
#symbool R2RFOR                            0000000096
#symbool R2RFORNA                          0000000104
#symbool GRIJ                              0000000105
