1111009999
1225090000
1112890000
1225090000
1121700064
2111700002
1122679998
1111000000
1222060000
1111000000
1222060001
7199999999
1222089998
1132089998
3111000000
3321300027
1225690000
1225090000
1225890000
1112890000
4121900033
1134890000
1134090000
1134690000
7199999999
1222089998
3221900013
1112160000
1225890000
1112890000
4121900055
1134890000
9999999999
1225690000
1225590000
1132580002
1132650001
3111600000
3321100046
1132060000
1132180001
3112010000
3321200046
1112560000
1132650001
3221900037
2111700002
1122279998
1132180001
1222120000
1222620001
1222250001
1134590000
1134690000
4299999999
1132110001
3111100000
3321100062
1132010000
7299999999
1132110001
3221900056
9999999999
4299999999
#locatie 264
#symbool MAIN                              0000000000
#symbool PREWHILE3                         0000000013
#symbool NAWHILE3                          0000000027
#symbool INLASSEN                          0000000033
#symbool PREWHILE1                         0000000037
#symbool NAWHILE1                          0000000046
#symbool DRUKLIJST                         0000000055
#symbool PREWHILE2                         0000000056
#symbool NAWHILE2                          0000000062
#symbool HEAP                              0000000064
