1111000001
1225090000
1112890000
1225090000
2211900001
1111600001
1112160000
2211100001
1121200052
2112210000
1225290000
1112160000
1225890000
1112890000
4121900026
1134890000
2111900001
1222089998
1112260000
1132189998
2212210000
2111200002
2121200052
1132020000
7299999999
9999999999
1225690000
2211900003
3111100003
3321700032
1111000000
3221900049
1112260000
2211200001
1122089996
2112020000
1225190000
1225090000
1112110000
2111100001
1225890000
1112890000
4121900026
1134890000
2111900001
1134190000
1132280001
2132020000
2212010000
2111900003
1134690000
4299999999
0000000001
0000000002
0000000003
0000000004
0000000005
#symbool MAIN                              0000000000
#symbool BEREKEN                           0000000026
#symbool IFELSE1                           0000000032
#symbool BEREKENEND                        0000000049
#symbool DATA                              0000000052
