1111009999
1225090000
1112890000
1225090000
2211900001
1111000000
1222089998
2211900006
1111600000
1111000000
1122289992
3131600060
3321200016
1224020000
2111600001
3221900011
1111600000
7199999999
1222089992
3131600060
3321200029
3111000000
3321100029
2111600001
7199999999
1122289992
2112260000
1222020000
3221900019
1122089992
1225090000
1225890000
1112890000
4121900048
1134890000
2111900001
3111000001
3321800039
1222089998
1132089998
3111000001
3321800045
1111001111
7299999999
3221900059
1111000000
7299999999
3221900059
3131500060
3321200056
1112050000
2132080001
1132000000
7299999999
2111500001
3221900048
7399999999
2111600001
4299999999
9999999999
0000000006
0000000003
0000000006
0000000009
0000000010
0000000015
0000000012
#symbool MAIN                              0000000000
#symbool WHILE0                            0000000011
#symbool EWHILE0                           0000000016
#symbool WHILE1                            0000000019
#symbool EWHILE1                           0000000029
#symbool EIF                               0000000039
#symbool DENIED                            0000000045
#symbool WHILE4                            0000000048
#symbool ENCRYPTANDCHECK                   0000000048
#symbool EWHILE4                           0000000056
#symbool ENDPROGRAM                        0000000059
#symbool MAXLENGTH                         0000000060
#symbool INTERNALPASSWD                    0000000061
