1111100009
1221100025
3321300007
7199999999
1222010015
2211100002
3221900002
1111300009
1121200015
3122230015
3321600014
1134020000
7299999999
3221900009
9999999999
#locatie 25
#locatie 26
#symbool PRE_FOR1                          0000000002
#symbool POST_FOR1                         0000000007
#symbool PRE_FOR2                          0000000009
#symbool POST_FOR2                         0000000014
#symbool A                                 0000000015
#symbool I                                 0000000025
