1111009999
1225090000
1112890000
1225090000
1111000009
1225090000
1121100119
1111200000
1225890000
1112090000
4121900020
1134890000
2111900001
1121100119
3121100128
3321200019
1134010000
7299999999
3221900014
9999999999
2211900001
1225190000
1225290000
1225190000
1112120000
1132180001
1225190000
1225890000
1112890000
4121900073
1134890000
2211900002
1222089998
1134290000
1134190000
1132089998
2211000001
3112200000
3321200051
1225190000
1225290000
1225190000
1225090000
1112120000
1225890000
1112890000
4121900020
1134890000
2111900002
1134290000
1134190000
1132080001
1225690000
1132689998
3112060000
3321300070
1225190000
1225290000
1225190000
1132080001
1225090000
1132080002
1112100000
1225890000
1112890000
4121900020
1134890000
2111900002
1134290000
1134190000
1134690000
2111900001
4299999999
2211900001
1132080002
2112010000
1132600000
3132180001
3321600118
1132080002
2112010000
1132000000
3112060000
2111100001
3221900079
1132080002
2132080001
1132000000
3112060000
3321300094
1132080001
2211000001
1222080001
3221900085
3132180001
3321600116
1132080002
2112010000
1132000000
1222089998
1225590000
1132080002
2112010000
1132580002
2132580001
1132550000
1232500000
1132580002
2132580001
1132089998
1232050000
2111100001
1132080001
2111000001
1222080001
1134590000
3221900077
1112010000
2111900001
#locatie 129
#symbool MAIN                              0000000000
#symbool FOR1                              0000000014
#symbool NAFOR1                            0000000019
#symbool QUICKSORT                         0000000020
#symbool NAIF1                             0000000051
#symbool NAIF2                             0000000070
#symbool PARTITION                         0000000073
#symbool WHILE1                            0000000077
#symbool WHILE2                            0000000079
#symbool VSP                               0000000083
#symbool NAWHILE2                          0000000085
#symbool WHILE3                            0000000085
#symbool NAWHILE3                          0000000094
#symbool NAIF3                             0000000116
#symbool NAWHILE1                          0000000118
#symbool RIJ                               0000000119
