1111000001
1225090000
1112890000
1225090000
7199999999
1222089998
3111000100
3321200023
1225090000
1121000049
1225090000
1225890000
1112890000
4121900024
1134890000
2211900002
1111600000
3132689998
3321200023
1132060049
2111600001
7299999999
3221900017
9999999999
1111000001
1232080001
1132180001
2111100001
1222010000
1111600002
3132680002
3321200048
1112160000
2211100001
1132080001
2112010000
1132200000
1112160000
2211100002
1132080001
2112010000
2132200000
1112160000
1132080001
2112010000
1222200000
2111600001
3221900030
4299999999
#locatie 149
#symbool MAIN                              0000000000
#symbool FOR1                              0000000017
#symbool NAFOR1                            0000000023
#symbool NAIF1                             0000000023
#symbool FIBON                             0000000024
#symbool FOR2                              0000000030
#symbool NAFOR2                            0000000048
#symbool F                                 0000000049
