1111009999
1225090000
1112890000
1225090000
1131500069
1131600070
1111000000
1221000071
1111000000
1131000072
1225090000
1112150000
1131200071
1225590000
1225890000
1112890000
4121900020
1134890000
2111900002
9999999999
1225590000
1225690000
1111500000
1111600000
2211900002
2211900001
1225190000
1225290000
1225090000
1225590000
1225190000
1112120000
1112260000
1111300010
1225890000
1112890000
4121900051
1134890000
2111900003
1134290000
1134190000
1134090000
1225190000
1132180002
2311100002
2132189998
2212100000
1112010000
7299999999
1134190000
4299999999
1225490000
1225590000
1225690000
2211900003
1132080002
2312020000
2212040000
1225190000
1132189998
2212010000
1134190000
2132089996
1222080004
2111900003
1134690000
1134590000
1134490000
4299999999
#locatie 70
#locatie 71
#locatie 72
0000005000
#symbool MAIN                              0000000000
#symbool VOORSTEL                          0000000020
#symbool BEREKEN                           0000000051
#symbool BESTEMMING                        0000000069
#symbool WERELDDEEL                        0000000070
#symbool VERTREK                           0000000071
#symbool C1                                0000000072
