1111009999
1225090000
1112890000
1225090000
2211900009
7199999999
1221000066
1111100001
3111100010
3321200035
7199999999
1222010066
1225190000
1132010066
1225090000
1132110065
1225890000
1112890000
4121900036
1134890000
2111900001
1134190000
1112280000
2211200002
2112210000
2211200001
1222020000
1132010065
7299999999
1132010066
7299999999
1132020000
7299999999
2111100001
3221900008
9999999999
2211900001
1225190000
1225190000
1132180001
1225890000
1112890000
4121900052
1134890000
2111900001
1134190000
1222089998
1132080001
2312010000
2432089998
2111900001
4299999999
1111200000
1112210000
1132680001
2532280001
3111200000
3321100064
1132180001
1222280001
1132680001
1112210000
2532280001
3221900056
1132080001
4299999999
#locatie 76
#symbool MAIN                              0000000000
#symbool FOR1                              0000000008
#symbool EFOR1                             0000000035
#symbool KGV                               0000000036
#symbool GGD                               0000000052
#symbool WHILE1                            0000000056
#symbool EWHILE1                           0000000064
#symbool R                                 0000000066
