1111009999
1225090000
1112890000
1225090000
2211900003
1111000005
1222089998
1111600003
1112060000
2111000004
1225090000
1122089996
1225090000
1132189998
1122289997
1225890000
1112890000
4121900025
1134890000
2111900002
1132089997
7299999999
1132089996
7299999999
9999999999
2211900002
1225690000
1225590000
1112610000
2312610000
1132580002
2332580002
1112060000
2112050000
1222020000
1112060000
2212050000
1232080001
1134590000
1134690000
2111900002
4299999999
#symbool MAIN                              0000000000
#symbool KWADRT                            0000000025
