1111009999
1225090000
1112890000
1225090000
2211900001
7199999999
1222080002
1111100000
1225190000
1225090000
1225890000
1112890000
4121900018
1134890000
2111900001
1134090000
7299999999
9999999999
1132180001
3111100000
3321100023
3111100001
3321800025
1111000001
3221900050
1225190000
1111000000
1225090000
2211100001
1225190000
1225890000
1112890000
4121900018
1134890000
2111900001
1134090000
1134190000
1225090000
1111000000
1225090000
2211100002
1225190000
1225890000
1112890000
4121900018
1134890000
2111900001
1134090000
1134190000
2112010000
1222080002
4299999999
#symbool MAIN                              0000000000
#symbool FIBON                             0000000018
#symbool IF1BODY                           0000000023
#symbool ELSEIF1                           0000000025
#symbool EIF1                              0000000050
