7199999999
1112100000
1111000001
7299999999
1111009999
7299999999
1111200002
1112010000
2411000002
3112200000
3321600028
1111300000
1112410000
1112040000
2512020000
3111000000
3321800020
2111300001
2412420000
3221900013
3111300000
3321100026
1112020000
7299999999
1112030000
7299999999
2111200001
3221900007
1112010000
7299999999
1111000001
7299999999
9999999999
#symbool PREWHILE1                         0000000007
#symbool PREWHILE2                         0000000013
#symbool NAWHILE2                          0000000020
#symbool NAIF                              0000000026
#symbool NAWHILE1                          0000000028
