1111000000
1221000039
1221000040
1221000041
1221000042
1131000039
3111000005
3321600028
7199999999
1221000042
1131000040
3131000042
3321600027
1131000041
1131100029
2131100042
2112010000
1221000041
1131000040
2111000001
1221000040
3221900010
1131000041
7299999999
1131000039
2111000001
1221000039
3221900005
9999999999
#locatie 39
#locatie 40
#locatie 41
#locatie 42
#locatie 43
#symbool PREFORI                           0000000005
#symbool PREFORJ                           0000000010
#symbool NAFORJ                            0000000027
#symbool NAFORI                            0000000028
#symbool A                                 0000000029
#symbool I                                 0000000039
#symbool J                                 0000000040
#symbool SOM                               0000000041
#symbool IDX                               0000000042
