3221900012
#locatie 2
#locatie 12
7199999999
1221000001
1111100000
1221100002
3131100001
3321200026
7199999999
1112200000
2511200002
3321100023
2111000001
7299999999
1223010002
3221900016
9999999999
#symbool X                                 0000000001
#symbool Y                                 0000000002
#symbool MAIN                              0000000012
#symbool WHILE                             0000000016
#symbool EIF                               0000000023
#symbool EWHL                              0000000026
