1111009999
1225090000
1112890000
1225090000
1121000031
1225090000
1111100010
1225890000
1112890000
4121900014
1134890000
2111900001
7299999999
9999999999
2211900001
1111000000
1222089998
1111600000
3112610000
3321200028
1132080001
2112060000
1132000000
2312060000
2132089998
1222089998
2111600001
3221900018
1132089998
2111900001
4299999999
#locatie 51
#symbool MAIN                              0000000000
#symbool GSOM                              0000000014
#symbool FOR1                              0000000018
#symbool NAFOR1                            0000000028
#symbool RIJ                               0000000031
