1111009999
1225090000
1112890000
1225090000
2211900006
1111100000
3111100006
3321200018
7199999999
1112280000
2211200002
2212210000
1222020000
1122289998
2212210000
1222020001
2211100001
3221900006
1112180000
2211100002
1111000004
1225090000
1225890000
1112890000
4121900029
1134890000
2111900001
7299999999
9999999999
2211900001
1111600000
1132080001
2411000002
1222089998
1132589998
3111500000
3321300045
1112050000
2311000002
2211000001
2112010000
1132010000
2112600000
2211500002
3221900035
1112060000
2111900001
4299999999
#symbool MAIN                              0000000000
#symbool MF1                               0000000006
#symbool NAMF1                             0000000018
#symbool SELSOM                            0000000029
#symbool FOR1                              0000000035
#symbool NAFOR1                            0000000045
