1111009999
1225090000
1112890000
1225090000
7199999999
1221000029
7199999999
1221000030
1111000000
1221000031
1131300029
1131100030
1131200031
1225390000
1225190000
1225890000
1112890000
4121900025
1134890000
1134290000
1134190000
1134090000
1112200000
7299999999
9999999999
1132080001
2132080002
1222080003
4299999999
#locatie 30
#locatie 31
#locatie 32
#symbool MAIN                              0000000000
#symbool SOM                               0000000025
#symbool X                                 0000000029
#symbool Y                                 0000000030
#symbool S                                 0000000031
