1111009999
1225090000
1112890000
1225090000
7199999999
1221000038
1112100000
7199999999
1221000039
1112200000
1225190000
1225290000
1225090000
1225890000
1112890000
4121900022
1134890000
1134290000
1134190000
1134090000
7299999999
9999999999
1132180003
1132280002
2211900001
1112010000
2512020000
3111000000
3321100034
1112120000
1112200000
1112010000
2512020000
3221900028
1112020000
1222080003
2111900001
4299999999
#locatie 39
#locatie 40
#symbool MAIN                              0000000000
#symbool GGD                               0000000022
#symbool PREW1                             0000000028
#symbool NAW1                              0000000034
#symbool G1                                0000000038
#symbool G2                                0000000039
