1111009999
1225090000
1112890000
1225090000
7199999999
1112100000
1221000052
7199999999
1112200000
1221000053
2211900001
1225190000
1225290000
1225890000
1112890000
4121900022
1134890000
1134290000
1134190000
1134090000
7299999999
9999999999
1132180002
1132280001
1132080003
3112120000
3321800029
1112010000
3221900050
3321200040
2211900001
1225290000
1225190000
1225890000
1112890000
4121900022
1134890000
1134290000
1134190000
1134090000
1112310000
2212320000
2211900001
1225390000
1225290000
1225890000
1112890000
4121900022
1134890000
2111900003
1222080003
4299999999
#locatie 53
#locatie 54
#symbool MAIN                              0000000000
#symbool GGD                               0000000022
#symbool ELSE1                             0000000029
#symbool SPR                               0000000040
#symbool ELSE2                             0000000040
#symbool NAIF1                             0000000050
#symbool X                                 0000000052
#symbool Y                                 0000000053
