1111000001
1225090000
1112890000
1225090000
7199999999
1225090000
1225890000
1112890000
4121900013
1134890000
2111900001
7299999999
9999999999
1132080001
3111000001
3321800018
1111000001
3221900028
1132080001
2211000001
1225090000
1225890000
1112890000
4121900013
1134890000
2111900001
2332080001
3221900028
4299999999
#symbool MAIN                              0000000000
#symbool FAC                               0000000013
#symbool ELSE1                             0000000018
#symbool NAIF1                             0000000028
