1111000001
1225090000
1112890000
1225090000
7199999999
1225090000
1225890000
1112890000
4121900013
1134890000
2111900001
7299999999
9999999999
2111900002
1111000001
1222089997
1222089998
1132189998
3132180001
3321600026
1132089997
2332089998
1222089997
2111100001
1222189998
3221900017
1132089997
2211900002
4299999999
#symbool MAIN                              0000000000
#symbool FAC                               0000000013
#symbool FOR1                              0000000017
#symbool NAFOR1                            0000000026
