1111009999
1225090000
1112890000
1225090000
1111100000
7199999999
1225090000
1121000035
1225090000
1225890000
1112890000
4121900017
1134890000
2211900002
1131000035
7299999999
9999999999
2111900002
1111000000
1232080001
1222089998
1132089998
3132080002
3321200033
7199999999
1222089997
3142080001
3321300029
1232080001
1132089998
2111000001
1222089998
3221900021
2211900002
4299999999
#locatie 36
#symbool MAIN                              0000000000
#symbool MAX                               0000000017
#symbool FOR1                              0000000021
#symbool NAIF1                             0000000029
#symbool NAFOR1                            0000000033
#symbool MAXG                              0000000035
