3221900026
2211900003
1132280001
1132020000
1222089996
1132020001
1222089997
1132020002
1222089998
1222189997
1132089996
1222080002
1132089997
1222080003
1132089998
1222080004
2111900003
4299999999
1132180001
1132010000
7299999999
1132010001
7299999999
1132010002
7299999999
4299999999
1111009999
1225090000
1112890000
1225090000
2211900003
1111600000
3111600010
3321200071
1222689996
1112160000
2311100010
1222189997
1111100001
1222189998
1112160000
2311100003
2121100087
1132089996
1222010000
1132089997
1222010001
1132089998
1222010002
2211900003
1112160000
2311100020
1122089996
1225090000
1225890000
1112890000
4121900001
1134890000
2111900001
1112160000
2111100001
2311100003
2121100087
1134090000
1222010000
1134090000
1222010001
1134090000
1222010002
2111600002
3221900032
1111600000
3111600010
3321200085
1112160000
2311100003
2121100087
1225190000
1225890000
1112890000
4121900018
1134890000
2111900001
2111600001
3221900072
2111900003
9999999999
#locatie 117
#symbool DUPLICEER                         0000000001
#symbool DRUKELEM                          0000000018
#symbool MAIN                              0000000026
#symbool FOR1                              0000000032
#symbool NAFOR1                            0000000071
#symbool FOR2                              0000000072
#symbool NAFOR2                            0000000085
#symbool RIJ                               0000000087
