1111009999
1225090000
1112890000
1225090000
2211900003
1122189996
1225890000
1112890000
4121900031
1134890000
1111000000
3132089998
3321100030
1132089996
1225090000
1132089997
1225090000
1132089998
1225090000
1225890000
1112890000
4121900038
1134890000
2111900003
1122189996
1225890000
1112890000
4121900031
1134890000
3221900010
9999999999
7199999999
1222010000
7199999999
1222010001
7199999999
1222010002
4299999999
1132080003
7299999999
1132080001
7299999999
1132080002
7299999999
4299999999
#symbool MAIN                              0000000000
#symbool WHILE1                            0000000010
#symbool NAWHILE1                          0000000030
#symbool LEESRAT                           0000000031
#symbool DRUKRAT                           0000000038
