2211900002
2211900001
7199999999
1222089996
1121100126
1225190000
1132189996
1225190000
1225890000
1112890000
4121900060
1134890000
2111900002
1121100126
1225190000
1122189998
1225190000
1132189996
1225190000
1225890000
1112890000
4121900084
1134890000
2111900003
1122189998
1132210000
1225290000
1225890000
1112890000
4121900054
1134890000
2111900001
9999999999
1132180003
2312110000
1132280004
2312220000
2112120000
1132280001
2312220000
1132080002
2312000000
2112200000
3112120000
3321300047
1111000001
4299999999
1111000000
4299999999
7199999999
1222010000
7199999999
1222010001
4299999999
1132180001
1132010000
7299999999
1132010001
7299999999
4299999999
2211900001
1111100000
1222189998
1132189998
3132180001
3321200082
1112210000
2311200002
2132280002
1225190000
1225290000
1112120000
1225890000
1112890000
4121900049
1134890000
1134290000
1134190000
1132189998
2111100001
1222189998
3221900063
2111900001
4299999999
2211900002
1111100000
1222189997
1111100001
1222189998
1132189998
3132180001
3321200119
1132189998
2311100002
2132180003
1132210000
1225290000
1132210001
1225290000
1132189997
2311100002
2132180003
1132210000
1225290000
1132210001
1225290000
1225890000
1112890000
4121900033
1134890000
2111900004
3111000001
3321800115
1132189998
1222189997
1132189998
2111100001
1222189998
3221900089
1132189997
2311100002
2132180003
1132280002
1222120000
2111900002
4299999999
#locatie 326
#symbool MAIN                              0000000000
#symbool COGR                              0000000033
#symbool COGRELSE                          0000000047
#symbool LEESCO                            0000000049
#symbool SCHRIJFCO                         0000000054
#symbool LEESCORIJ                         0000000060
#symbool LCORIJFOR                         0000000063
#symbool LCORIJFORNA                       0000000082
#symbool VINDMAXCO                         0000000084
#symbool VMCFOR                            0000000089
#symbool VMCNAIF                           0000000115
#symbool VMCFORNA                          0000000119
#symbool CORIJ                             0000000126
