1111009999
1225090000
1112890000
1225090000
7199999999
1221000031
1112100000
7199999999
1221000032
1112200000
1111300000
1221300033
2111900001
1225190000
1225290000
1225890000
1112890000
4121900025
1134890000
1134290000
1134190000
1134390000
1112030000
7299999999
9999999999
1132180002
1132280001
1112010000
2212020000
1222080003
4299999999
#locatie 32
#locatie 33
#locatie 34
#symbool MAIN                              0000000000
#symbool VERSCHIL                          0000000025
#symbool X                                 0000000031
#symbool Y                                 0000000032
#symbool S                                 0000000033
