1111009999
1225090000
1112890000
1225090000
7199999999
1221000027
1112100000
7199999999
1221000028
1112200000
1111300000
1221300029
2111900001
1131100027
1131200028
1225890000
1112890000
4121900023
1134890000
1134390000
1112030000
7299999999
9999999999
1112010000
2212020000
1222080001
4299999999
#locatie 28
#locatie 29
#locatie 30
#symbool MAIN                              0000000000
#symbool VERSCHIL                          0000000023
#symbool X                                 0000000027
#symbool Y                                 0000000028
#symbool S                                 0000000029
