1111009999
1225090000
1112890000
1225090000
1111000010
1225090000
1121000028
1225090000
1225890000
1112890000
4121900015
1134890000
1131000028
7299999999
9999999999
1111004999
1232080001
1111100000
3132180002
3321200027
7199999999
1112200000
3142280001
3321200025
1232280001
2111100001
3221900018
4299999999
#locatie 29
#symbool MAIN                              0000000000
#symbool MIN                               0000000015
#symbool PREF1                             0000000018
#symbool NAIF1                             0000000025
#symbool NAF1                              0000000027
#symbool MING                              0000000028
